::1 - - [17/May/2016:22:28:48 -0300] "GET / HTTP/1.1" 200 309
::1 - - [17/May/2016:22:28:48 -0300] "GET /favicon.ico HTTP/1.1" 404 209
::1 - - [17/May/2016:22:28:48 -0300] "GET /favicon.ico HTTP/1.1" 404 209
::1 - - [17/May/2016:22:28:49 -0300] "GET /cadastro/ HTTP/1.1" 200 572
::1 - - [17/May/2016:22:32:19 -0300] "GET / HTTP/1.1" 200 309
::1 - - [17/May/2016:22:32:22 -0300] "GET /cadastro/ HTTP/1.1" 200 468
::1 - - [17/May/2016:22:32:25 -0300] "GET /cadastro/cadastroCliente.php HTTP/1.1" 200 3108
::1 - - [17/May/2016:22:32:25 -0300] "GET /css/bootstrap.css HTTP/1.1" 200 152842
::1 - - [17/May/2016:22:32:25 -0300] "GET /fonts/glyphicons-halflings-regular.woff2 HTTP/1.1" 200 18028
::1 - - [17/May/2016:22:32:28 -0300] "GET /cadastro/cadastroFuncionario.php HTTP/1.1" 200 2976
::1 - - [17/May/2016:22:32:30 -0300] "GET /cadastro/cadastroLivro.php HTTP/1.1" 200 2393
::1 - - [17/May/2016:22:32:32 -0300] "GET /cadastro/principal.php HTTP/1.1" 200 1065
::1 - - [17/May/2016:22:37:00 -0300] "GET /phpmyadmin HTTP/1.1" 301 241
::1 - - [17/May/2016:22:37:00 -0300] "GET /phpmyadmin/ HTTP/1.1" 200 8587
::1 - - [17/May/2016:22:37:00 -0300] "GET /phpmyadmin/themes/pmahomme/jquery/jquery-ui-1.9.2.custom.css HTTP/1.1" 200 32739
::1 - - [17/May/2016:22:37:00 -0300] "GET /phpmyadmin/js/get_scripts.js.php?scripts[]=jquery/jquery-1.8.3.js&scripts[]=ajax.js&scripts[]=keyhandler.js&scripts[]=jquery/jquery-ui-1.9.2.custom.js&scripts[]=jquery/jquery.sprintf.js&scripts[]=jquery/jquery.cookie.js&scripts[]=jquery/jquery.mousewheel.js&scripts[]=jquery/jquery.event.drag-2.2.js&scripts[]=jquery/jquery-ui-timepicker-addon.js&scripts[]=jquery/jquery.ba-hashchange-1.3.js&scripts[]=jquery/jquery.debounce-1.0.5.js&scripts[]=jquery/jquery.menuResizer-1.0.js&scripts[]=rte.js&scripts[]=functions.js&scripts[]=navigation.js&scripts[]=indexes.js&scripts[]=common.js&scripts[]=codemirror/lib/codemirror.js&scripts[]=codemirror/mode/mysql/mysql.js HTTP/1.1" 200 578621
::1 - - [17/May/2016:22:37:00 -0300] "GET /phpmyadmin/favicon.ico HTTP/1.1" 200 18902
::1 - - [17/May/2016:22:37:00 -0300] "GET /phpmyadmin/phpmyadmin.css.php?server=1&lang=pt&collation_connection=utf8_general_ci&token=b0a57ec7870636f49225d23c2bc159b1&nocache=4390604985ltr HTTP/1.1" 200 92653
::1 - - [17/May/2016:22:37:00 -0300] "GET /phpmyadmin/js/messages.php?lang=pt&db=&server=0&collation_connection=utf8_general_ci&token=fcf3e351e487888d815aeeb7b79cc68e HTTP/1.1" 200 18108
::1 - - [17/May/2016:22:37:00 -0300] "GET /phpmyadmin/js/get_image.js.php?theme=pmahomme HTTP/1.1" 200 6364
::1 - - [17/May/2016:22:37:00 -0300] "GET /phpmyadmin/themes/pmahomme/img/logo_right.png HTTP/1.1" 200 4548
::1 - - [17/May/2016:22:37:00 -0300] "GET /phpmyadmin/themes/dot.gif HTTP/1.1" 200 43
::1 - - [17/May/2016:22:37:01 -0300] "GET /phpmyadmin/themes/pmahomme/img/sprites.png HTTP/1.1" 200 61899
::1 - - [17/May/2016:22:37:11 -0300] "POST /phpmyadmin/index.php HTTP/1.1" 302 -
::1 - - [17/May/2016:22:37:11 -0300] "GET /phpmyadmin/index.php?token=b0a57ec7870636f49225d23c2bc159b1 HTTP/1.1" 200 46665
::1 - - [17/May/2016:22:37:11 -0300] "GET /phpmyadmin/phpmyadmin.css.php?server=1&token=b0a57ec7870636f49225d23c2bc159b1&nocache=5854140416ltr HTTP/1.1" 200 92653
::1 - - [17/May/2016:22:37:11 -0300] "GET /phpmyadmin/js/messages.php?lang=pt&db=&server=0&token=b0a57ec7870636f49225d23c2bc159b1 HTTP/1.1" 200 18108
::1 - - [17/May/2016:22:37:11 -0300] "GET /phpmyadmin/themes/pmahomme/img/logo_left.png HTTP/1.1" 200 2327
::1 - - [17/May/2016:22:37:11 -0300] "GET /phpmyadmin/themes/pmahomme/img/ajax_clock_small.gif HTTP/1.1" 200 1810
::1 - - [17/May/2016:22:37:11 -0300] "GET /phpmyadmin/themes/pmahomme/img/left_nav_bg.png HTTP/1.1" 200 297
::1 - - [17/May/2016:22:37:11 -0300] "GET /phpmyadmin/version_check.php?&_nocache=1463535431918724960 HTTP/1.1" 200 39
::1 - - [17/May/2016:22:37:15 -0300] "GET /phpmyadmin/navigation.php?ajax_request=1&token=b0a57ec7870636f49225d23c2bc159b1&aPath=cm9vdA%3D%3D.dGVzdA%3D%3D&vPath=cm9vdA%3D%3D.dGVzdA%3D%3D&pos=0&pos2_name=&pos2_value=&searchClause=&searchClause2=&_nocache=1463535435809957380 HTTP/1.1" 200 97
::1 - - [17/May/2016:22:37:23 -0300] "GET /phpmyadmin/server_databases.php?db=&token=b0a57ec7870636f49225d23c2bc159b1&ajax_request=true&ajax_page_request=true&menuHashes=b0fc379d&_nocache=1463535443029154319 HTTP/1.1" 200 39464
::1 - - [17/May/2016:22:37:23 -0300] "GET /phpmyadmin/themes/pmahomme/img/arrow_ltr.png HTTP/1.1" 200 139
::1 - - [17/May/2016:22:37:23 -0300] "GET /phpmyadmin/js/get_scripts.js.php?scripts[]=server_databases.js HTTP/1.1" 200 1818
::1 - - [17/May/2016:22:37:38 -0300] "GET /phpmyadmin/themes/pmahomme/jquery/images/ui-bg_flat_75_ffffff_40x100.png HTTP/1.1" 200 178
::1 - - [17/May/2016:22:37:38 -0300] "GET /phpmyadmin/themes/pmahomme/jquery/images/ui-icons_222222_256x240.png HTTP/1.1" 200 4369
::1 - - [17/May/2016:22:37:38 -0300] "GET /phpmyadmin/themes/pmahomme/jquery/images/ui-bg_highlight-soft_75_cccccc_1x100.png HTTP/1.1" 200 101
::1 - - [17/May/2016:22:37:38 -0300] "GET /phpmyadmin/themes/pmahomme/jquery/images/ui-bg_glass_75_e6e6e6_1x400.png HTTP/1.1" 200 110
::1 - - [17/May/2016:22:37:38 -0300] "GET /phpmyadmin/themes/pmahomme/jquery/images/ui-bg_flat_0_aaaaaa_40x100.png HTTP/1.1" 200 180
::1 - - [17/May/2016:22:37:38 -0300] "GET /phpmyadmin/themes/pmahomme/jquery/images/ui-bg_glass_75_dadada_1x400.png HTTP/1.1" 200 159
::1 - - [17/May/2016:22:37:39 -0300] "GET /phpmyadmin/themes/pmahomme/jquery/images/ui-bg_glass_65_ffffff_1x400.png HTTP/1.1" 200 105
::1 - - [17/May/2016:22:37:39 -0300] "POST /phpmyadmin/server_databases.php?pos=0&dbstats=0&sort_by=SCHEMA_NAME&sort_order=asc&drop_selected_dbs=1&token=b0a57ec7870636f49225d23c2bc159b1&selected_dbs%5B%5D=test&drop_selected_dbs=1&is_js_confirmed=1&ajax_request=true HTTP/1.1" 200 181
::1 - - [17/May/2016:22:37:39 -0300] "POST /phpmyadmin/navigation.php?ajax_request=1&token=b0a57ec7870636f49225d23c2bc159b1 HTTP/1.1" 200 51
::1 - - [17/May/2016:22:37:42 -0300] "GET /phpmyadmin/url.php?url=http%3A%2F%2Fdev.mysql.com%2Fdoc%2Frefman%2F5.6%2Fen%2Fcreate-database.html&token=b0a57ec7870636f49225d23c2bc159b1 HTTP/1.1" 302 10000
::1 - - [17/May/2016:22:38:03 -0300] "POST /phpmyadmin/db_create.php HTTP/1.1" 200 2436
::1 - - [17/May/2016:22:38:03 -0300] "POST /phpmyadmin/navigation.php?ajax_request=1&token=b0a57ec7870636f49225d23c2bc159b1 HTTP/1.1" 200 700
::1 - - [17/May/2016:22:38:04 -0300] "GET /phpmyadmin/db_structure.php?db=biblioteca&token=b0a57ec7870636f49225d23c2bc159b1&db=biblioteca&ajax_request=true&ajax_page_request=true&menuHashes=b0fc379d-b9fb6cc6&_nocache=1463535484922460597 HTTP/1.1" 200 5790
::1 - - [17/May/2016:22:38:05 -0300] "GET /phpmyadmin/js/get_scripts.js.php?scripts[]=db_structure.js&scripts[]=tbl_change.js HTTP/1.1" 200 12382
::1 - - [17/May/2016:22:38:05 -0300] "GET /phpmyadmin/favicon.ico HTTP/1.1" 304 -
::1 - - [17/May/2016:22:38:40 -0300] "POST /phpmyadmin/tbl_create.php HTTP/1.1" 200 237893
::1 - - [17/May/2016:22:38:41 -0300] "GET /phpmyadmin/index.php?ajax_request=1&recent_table=1&token=b0a57ec7870636f49225d23c2bc159b1 HTTP/1.1" 200 217
::1 - - [17/May/2016:22:41:39 -0300] "POST /phpmyadmin/tbl_create.php HTTP/1.1" 200 95
::1 - - [17/May/2016:22:42:04 -0300] "POST /phpmyadmin/tbl_create.php HTTP/1.1" 200 95
::1 - - [17/May/2016:22:42:10 -0300] "POST /phpmyadmin/tbl_create.php HTTP/1.1" 200 95
::1 - - [17/May/2016:22:42:47 -0300] "POST /phpmyadmin/tbl_create.php HTTP/1.1" 200 9203
::1 - - [17/May/2016:22:42:47 -0300] "GET /phpmyadmin/db_structure.php?token=b0a57ec7870636f49225d23c2bc159b1&server=1&db=biblioteca&table=livro&ajax_request=true&ajax_page_request=true&menuHashes=b0fc379d-b9fb6cc6-cecc49c2-e56f4439&_nocache=1463535767864904382 HTTP/1.1" 200 13074
::1 - - [17/May/2016:22:42:47 -0300] "POST /phpmyadmin/navigation.php?ajax_request=1&token=b0a57ec7870636f49225d23c2bc159b1 HTTP/1.1" 200 700
::1 - - [17/May/2016:22:42:48 -0300] "GET /phpmyadmin/favicon.ico HTTP/1.1" 304 -
::1 - - [17/May/2016:22:42:48 -0300] "GET /phpmyadmin/index.php?ajax_request=1&recent_table=1&token=b0a57ec7870636f49225d23c2bc159b1 HTTP/1.1" 200 217
::1 - - [17/May/2016:22:43:37 -0300] "POST /phpmyadmin/tbl_create.php HTTP/1.1" 200 395899
::1 - - [17/May/2016:22:43:37 -0300] "GET /phpmyadmin/index.php?ajax_request=1&recent_table=1&token=b0a57ec7870636f49225d23c2bc159b1 HTTP/1.1" 200 345
::1 - - [17/May/2016:22:46:53 -0300] "POST /phpmyadmin/tbl_create.php HTTP/1.1" 200 10599
::1 - - [17/May/2016:22:46:54 -0300] "GET /phpmyadmin/db_structure.php?token=b0a57ec7870636f49225d23c2bc159b1&server=1&db=biblioteca&table=cliente&ajax_request=true&ajax_page_request=true&menuHashes=b0fc379d-b9fb6cc6-cecc49c2-e56f4439-476af213-b5900d4f&_nocache=1463536014557765605 HTTP/1.1" 200 15923
::1 - - [17/May/2016:22:46:54 -0300] "POST /phpmyadmin/navigation.php?ajax_request=1&token=b0a57ec7870636f49225d23c2bc159b1 HTTP/1.1" 200 700
::1 - - [17/May/2016:22:46:54 -0300] "GET /phpmyadmin/favicon.ico HTTP/1.1" 304 -
::1 - - [17/May/2016:22:46:54 -0300] "GET /phpmyadmin/index.php?ajax_request=1&recent_table=1&token=b0a57ec7870636f49225d23c2bc159b1 HTTP/1.1" 200 345
::1 - - [17/May/2016:22:47:42 -0300] "POST /phpmyadmin/tbl_create.php HTTP/1.1" 200 395963
::1 - - [17/May/2016:22:47:43 -0300] "GET /phpmyadmin/index.php?ajax_request=1&recent_table=1&token=b0a57ec7870636f49225d23c2bc159b1 HTTP/1.1" 200 481
::1 - - [17/May/2016:22:48:38 -0300] "POST /phpmyadmin/tbl_create.php HTTP/1.1" 200 9550
::1 - - [17/May/2016:22:48:38 -0300] "GET /phpmyadmin/db_structure.php?token=b0a57ec7870636f49225d23c2bc159b1&server=1&db=biblioteca&table=funcionario&ajax_request=true&ajax_page_request=true&menuHashes=b9fb6cc6-cecc49c2-e56f4439-476af213-b5900d4f-889232b8-01d8c2f2&_nocache=1463536118723325615 HTTP/1.1" 200 18866
::1 - - [17/May/2016:22:48:38 -0300] "POST /phpmyadmin/navigation.php?ajax_request=1&token=b0a57ec7870636f49225d23c2bc159b1 HTTP/1.1" 200 700
::1 - - [17/May/2016:22:48:38 -0300] "GET /phpmyadmin/index.php?ajax_request=1&recent_table=1&token=b0a57ec7870636f49225d23c2bc159b1 HTTP/1.1" 200 481
::1 - - [17/May/2016:22:48:44 -0300] "GET /phpmyadmin/tbl_change.php?db=biblioteca&token=b0a57ec7870636f49225d23c2bc159b1&goto=db_structure.php&table=funcionario&ajax_request=true&ajax_page_request=true&menuHashes=cecc49c2-e56f4439-476af213-b5900d4f-889232b8-01d8c2f2-b662e0ea&_nocache=146353612469645319 HTTP/1.1" 200 65618
::1 - - [17/May/2016:22:48:44 -0300] "GET /phpmyadmin/js/get_scripts.js.php?scripts[]=gis_data_editor.js HTTP/1.1" 200 7692
::1 - - [17/May/2016:22:48:44 -0300] "GET /phpmyadmin/index.php?ajax_request=1&recent_table=1&token=b0a57ec7870636f49225d23c2bc159b1 HTTP/1.1" 200 481
::1 - - [17/May/2016:22:48:47 -0300] "GET /phpmyadmin/index.php?ajax_request=1&recent_table=1&token=b0a57ec7870636f49225d23c2bc159b1 HTTP/1.1" 200 481
::1 - - [17/May/2016:22:48:48 -0300] "GET /phpmyadmin/tbl_structure.php?db=biblioteca&token=b0a57ec7870636f49225d23c2bc159b1&goto=db_structure.php&table=funcionario&ajax_request=true&ajax_page_request=true&menuHashes=e56f4439-476af213-b5900d4f-889232b8-01d8c2f2-b662e0ea-f86190a9&_nocache=1463536128900874785 HTTP/1.1" 200 45466
::1 - - [17/May/2016:22:48:49 -0300] "GET /phpmyadmin/js/get_scripts.js.php?scripts[]=tbl_structure.js HTTP/1.1" 200 7496
::1 - - [17/May/2016:22:48:49 -0300] "GET /phpmyadmin/index.php?ajax_request=1&recent_table=1&token=b0a57ec7870636f49225d23c2bc159b1 HTTP/1.1" 200 481
::1 - - [17/May/2016:22:48:55 -0300] "GET /phpmyadmin/index.php?ajax_request=1&recent_table=1&token=b0a57ec7870636f49225d23c2bc159b1 HTTP/1.1" 200 481
::1 - - [17/May/2016:22:48:59 -0300] "GET /phpmyadmin/sql.php?db=biblioteca&token=b0a57ec7870636f49225d23c2bc159b1&goto=db_structure.php&table=funcionario&reload=1&purge=1&sql_query=DROP+TABLE+%60funcionario%60&message_to_show=A+tabela+funcionario+foi+eliminada&is_js_confirmed=1&ajax_request=true&_nocache=146353613919340144 HTTP/1.1" 200 1829
::1 - - [17/May/2016:22:48:59 -0300] "POST /phpmyadmin/navigation.php?ajax_request=1&token=b0a57ec7870636f49225d23c2bc159b1 HTTP/1.1" 200 700
::1 - - [17/May/2016:22:49:06 -0300] "POST /phpmyadmin/tbl_create.php HTTP/1.1" 200 392810
::1 - - [17/May/2016:22:49:07 -0300] "GET /phpmyadmin/favicon.ico HTTP/1.1" 304 -
::1 - - [17/May/2016:22:49:07 -0300] "GET /phpmyadmin/index.php?ajax_request=1&recent_table=1&token=b0a57ec7870636f49225d23c2bc159b1 HTTP/1.1" 200 481
::1 - - [17/May/2016:22:50:30 -0300] "POST /phpmyadmin/tbl_create.php HTTP/1.1" 200 10487
::1 - - [17/May/2016:22:50:30 -0300] "GET /phpmyadmin/db_structure.php?token=b0a57ec7870636f49225d23c2bc159b1&server=1&db=biblioteca&table=funcionario&ajax_request=true&ajax_page_request=true&menuHashes=476af213-b5900d4f-889232b8-01d8c2f2-b662e0ea-f86190a9-c1a8e945&_nocache=1463536230500201406 HTTP/1.1" 200 15626
::1 - - [17/May/2016:22:50:30 -0300] "POST /phpmyadmin/navigation.php?ajax_request=1&token=b0a57ec7870636f49225d23c2bc159b1 HTTP/1.1" 200 700
::1 - - [17/May/2016:22:50:30 -0300] "GET /phpmyadmin/index.php?ajax_request=1&recent_table=1&token=b0a57ec7870636f49225d23c2bc159b1 HTTP/1.1" 200 481
::1 - - [17/May/2016:22:55:03 -0300] "GET / HTTP/1.1" 200 457
::1 - - [17/May/2016:22:55:06 -0300] "GET /testeBD.php HTTP/1.1" 200 14
::1 - - [17/May/2016:22:55:09 -0300] "GET /conecta.php HTTP/1.1" 200 -
::1 - - [17/May/2016:22:55:38 -0300] "GET /phpmyadmin/tbl_change.php?db=biblioteca&token=b0a57ec7870636f49225d23c2bc159b1&goto=db_structure.php&table=cliente&ajax_request=true&ajax_page_request=true&menuHashes=476af213-b5900d4f-889232b8-01d8c2f2-b662e0ea-f86190a9-c1a8e945&_nocache=1463536538341232879 HTTP/1.1" 200 83591
::1 - - [17/May/2016:22:55:38 -0300] "GET /phpmyadmin/favicon.ico HTTP/1.1" 304 -
::1 - - [17/May/2016:22:55:38 -0300] "GET /phpmyadmin/index.php?ajax_request=1&recent_table=1&token=b0a57ec7870636f49225d23c2bc159b1 HTTP/1.1" 200 481
::1 - - [17/May/2016:22:56:24 -0300] "POST /phpmyadmin/tbl_replace.php HTTP/1.1" 200 21599
::1 - - [17/May/2016:22:56:24 -0300] "GET /phpmyadmin/js/get_scripts.js.php?scripts[]=makegrid.js&scripts[]=sql.js HTTP/1.1" 200 35099
::1 - - [17/May/2016:22:56:24 -0300] "GET /phpmyadmin/index.php?ajax_request=1&recent_table=1&token=b0a57ec7870636f49225d23c2bc159b1 HTTP/1.1" 200 481
::1 - - [17/May/2016:22:56:30 -0300] "GET /phpmyadmin/tbl_change.php?db=biblioteca&token=b0a57ec7870636f49225d23c2bc159b1&goto=db_structure.php&table=funcionario&ajax_request=true&ajax_page_request=true&menuHashes=b5900d4f-889232b8-01d8c2f2-b662e0ea-f86190a9-c1a8e945-f41aba02&_nocache=1463536590873507709 HTTP/1.1" 200 81808
::1 - - [17/May/2016:22:56:31 -0300] "GET /phpmyadmin/index.php?ajax_request=1&recent_table=1&token=b0a57ec7870636f49225d23c2bc159b1 HTTP/1.1" 200 481
::1 - - [17/May/2016:22:57:22 -0300] "POST /phpmyadmin/tbl_replace.php HTTP/1.1" 200 21586
::1 - - [17/May/2016:22:57:22 -0300] "GET /phpmyadmin/index.php?ajax_request=1&recent_table=1&token=b0a57ec7870636f49225d23c2bc159b1 HTTP/1.1" 200 481
::1 - - [17/May/2016:22:57:30 -0300] "GET /phpmyadmin/tbl_change.php?db=biblioteca&token=b0a57ec7870636f49225d23c2bc159b1&goto=db_structure.php&table=livro&ajax_request=true&ajax_page_request=true&menuHashes=b5900d4f-889232b8-01d8c2f2-b662e0ea-f86190a9-c1a8e945-f41aba02&_nocache=146353665007712041 HTTP/1.1" 200 51527
::1 - - [17/May/2016:22:57:30 -0300] "GET /phpmyadmin/index.php?ajax_request=1&recent_table=1&token=b0a57ec7870636f49225d23c2bc159b1 HTTP/1.1" 200 481
::1 - - [17/May/2016:22:57:50 -0300] "POST /phpmyadmin/tbl_replace.php HTTP/1.1" 200 22949
::1 - - [17/May/2016:22:57:50 -0300] "GET /phpmyadmin/index.php?ajax_request=1&recent_table=1&token=b0a57ec7870636f49225d23c2bc159b1 HTTP/1.1" 200 481
::1 - - [17/May/2016:22:57:56 -0300] "POST /phpmyadmin/tbl_create.php HTTP/1.1" 200 198382
::1 - - [17/May/2016:22:58:01 -0300] "GET /phpmyadmin/db_structure.php?db=biblioteca&token=b0a57ec7870636f49225d23c2bc159b1&ajax_request=true&ajax_page_request=true&menuHashes=b662e0ea-f86190a9-c1a8e945-f41aba02-42e2a4ac-476af213-ce2556fe&_nocache=1463536681846146162 HTTP/1.1" 200 18688
::1 - - [17/May/2016:22:58:06 -0300] "GET /phpmyadmin/sql.php?db=biblioteca&token=b0a57ec7870636f49225d23c2bc159b1&goto=db_structure.php&table=cliente&pos=0&ajax_request=true&ajax_page_request=true&menuHashes=f86190a9-c1a8e945-f41aba02-42e2a4ac-476af213-ce2556fe-cecc49c2&_nocache=1463536686852571311 HTTP/1.1" 200 21154
::1 - - [17/May/2016:22:58:07 -0300] "GET /phpmyadmin/themes/pmahomme/img/s_fulltext.png HTTP/1.1" 200 193
::1 - - [17/May/2016:22:58:07 -0300] "GET /phpmyadmin/themes/pmahomme/img/col_pointer.png HTTP/1.1" 200 113
::1 - - [17/May/2016:22:58:07 -0300] "GET /phpmyadmin/index.php?ajax_request=1&recent_table=1&token=b0a57ec7870636f49225d23c2bc159b1 HTTP/1.1" 200 481
::1 - - [17/May/2016:22:58:12 -0300] "GET /phpmyadmin/themes/pmahomme/img/col_drop.png HTTP/1.1" 200 132
::1 - - [17/May/2016:22:58:54 -0300] "GET /conecta.php HTTP/1.1" 200 -
::1 - - [17/May/2016:22:58:55 -0300] "GET /conecta.php HTTP/1.1" 200 -
::1 - - [17/May/2016:22:58:56 -0300] "GET /conecta.php HTTP/1.1" 200 -
::1 - - [17/May/2016:22:58:56 -0300] "GET /conecta.php HTTP/1.1" 200 -
::1 - - [17/May/2016:22:58:56 -0300] "GET /conecta.php HTTP/1.1" 200 -
::1 - - [17/May/2016:22:58:56 -0300] "GET /conecta.php HTTP/1.1" 200 -
::1 - - [17/May/2016:22:58:56 -0300] "GET /conecta.php HTTP/1.1" 200 -
::1 - - [17/May/2016:22:58:57 -0300] "GET /conecta.php HTTP/1.1" 200 -
::1 - - [17/May/2016:22:59:00 -0300] "GET /conecta.php HTTP/1.1" 200 -
::1 - - [17/May/2016:22:59:07 -0300] "GET /conecta.php HTTP/1.1" 200 -
::1 - - [17/May/2016:22:59:08 -0300] "GET /conecta.php HTTP/1.1" 200 -
::1 - - [17/May/2016:22:59:08 -0300] "GET /conecta.php HTTP/1.1" 200 -
::1 - - [17/May/2016:22:59:08 -0300] "GET /conecta.php HTTP/1.1" 200 -
::1 - - [17/May/2016:22:59:08 -0300] "GET /conecta.php HTTP/1.1" 200 -
::1 - - [17/May/2016:22:59:09 -0300] "GET /conecta.php HTTP/1.1" 200 -
::1 - - [17/May/2016:22:59:14 -0300] "GET /testeBD.php HTTP/1.1" 200 14
::1 - - [17/May/2016:22:59:16 -0300] "GET /trafegoDados/ HTTP/1.1" 200 228
::1 - - [17/May/2016:23:07:56 -0300] "GET / HTTP/1.1" 200 509
::1 - - [17/May/2016:23:07:58 -0300] "GET /testeView.php HTTP/1.1" 200 383
::1 - - [17/May/2016:23:13:50 -0300] "GET / HTTP/1.1" 200 565
::1 - - [17/May/2016:23:13:54 -0300] "GET /conecta.inc HTTP/1.1" 200 277
::1 - - [17/May/2016:23:13:57 -0300] "GET /testeView.php HTTP/1.1" 200 482
