[Thu Apr 21 17:22:08.966072 2016] [mpm_winnt:notice] [pid 4292:tid 652] AH00455: Apache/2.4.6 (Win32) PHP/5.4.17 configured -- resuming normal operations
[Thu Apr 21 17:22:08.966072 2016] [mpm_winnt:notice] [pid 4292:tid 652] AH00456: Apache Lounge VC10 Server built: Jul 16 2013 11:15:41
[Thu Apr 21 17:22:08.966574 2016] [core:notice] [pid 4292:tid 652] AH00094: Command line: 'C:\\Users\\Pedro\\Desktop\\BrainDamaged\\USB/apache2/bin/httpd_usbwv8.exe -d C:/Users/Pedro/Desktop/BrainDamaged/USB/apache2'
[Thu Apr 21 17:22:08.987598 2016] [mpm_winnt:notice] [pid 4292:tid 652] AH00418: Parent: Created child process 6872
[Thu Apr 21 17:22:09.403468 2016] [mpm_winnt:notice] [pid 6872:tid 664] AH00354: Child: Starting 64 worker threads.
[Thu Apr 21 17:31:57.481357 2016] [:error] [pid 6872:tid 1184] [client ::1:64452] PHP Notice:  Undefined index: id in C:\\Users\\Pedro\\Desktop\\BrainDamaged\\USB\\root\\teste.php on line 31, referer: http://localhost:8080/
[Thu Apr 21 17:31:57.483368 2016] [:error] [pid 6872:tid 1184] [client ::1:64452] PHP Notice:  Undefined index: cor in C:\\Users\\Pedro\\Desktop\\BrainDamaged\\USB\\root\\teste.php on line 31, referer: http://localhost:8080/
[Thu Apr 21 17:32:44.131784 2016] [:error] [pid 6872:tid 1184] [client ::1:64456] PHP Notice:  Undefined index: id in C:\\Users\\Pedro\\Desktop\\BrainDamaged\\USB\\root\\teste.php on line 31, referer: http://localhost:8080/
[Thu Apr 21 17:32:44.131784 2016] [:error] [pid 6872:tid 1184] [client ::1:64456] PHP Notice:  Undefined index: cor in C:\\Users\\Pedro\\Desktop\\BrainDamaged\\USB\\root\\teste.php on line 31, referer: http://localhost:8080/
[Thu Apr 21 17:32:45.538044 2016] [:error] [pid 6872:tid 1184] [client ::1:64456] PHP Notice:  Undefined index: id in C:\\Users\\Pedro\\Desktop\\BrainDamaged\\USB\\root\\teste.php on line 31, referer: http://localhost:8080/
[Thu Apr 21 17:32:45.538044 2016] [:error] [pid 6872:tid 1184] [client ::1:64456] PHP Notice:  Undefined index: cor in C:\\Users\\Pedro\\Desktop\\BrainDamaged\\USB\\root\\teste.php on line 31, referer: http://localhost:8080/
[Thu Apr 21 17:33:08.323401 2016] [:error] [pid 6872:tid 1184] [client ::1:64458] PHP Notice:  Undefined index: id in C:\\Users\\Pedro\\Desktop\\BrainDamaged\\USB\\root\\teste.php on line 31, referer: http://localhost:8080/
[Thu Apr 21 17:33:08.323401 2016] [:error] [pid 6872:tid 1184] [client ::1:64458] PHP Notice:  Undefined index: cor in C:\\Users\\Pedro\\Desktop\\BrainDamaged\\USB\\root\\teste.php on line 31, referer: http://localhost:8080/
[Thu Apr 21 17:33:18.590768 2016] [:error] [pid 6872:tid 1184] [client ::1:64460] PHP Notice:  Undefined index: id in C:\\Users\\Pedro\\Desktop\\BrainDamaged\\USB\\root\\teste.php on line 31, referer: http://localhost:8080/
[Thu Apr 21 17:33:18.590768 2016] [:error] [pid 6872:tid 1184] [client ::1:64460] PHP Notice:  Undefined index: cor in C:\\Users\\Pedro\\Desktop\\BrainDamaged\\USB\\root\\teste.php on line 31, referer: http://localhost:8080/
[Thu Apr 21 17:33:19.268308 2016] [:error] [pid 6872:tid 1184] [client ::1:64460] PHP Notice:  Undefined index: id in C:\\Users\\Pedro\\Desktop\\BrainDamaged\\USB\\root\\teste.php on line 31, referer: http://localhost:8080/
[Thu Apr 21 17:33:19.268308 2016] [:error] [pid 6872:tid 1184] [client ::1:64460] PHP Notice:  Undefined index: cor in C:\\Users\\Pedro\\Desktop\\BrainDamaged\\USB\\root\\teste.php on line 31, referer: http://localhost:8080/
[Thu Apr 21 17:33:19.432170 2016] [:error] [pid 6872:tid 1184] [client ::1:64460] PHP Notice:  Undefined index: id in C:\\Users\\Pedro\\Desktop\\BrainDamaged\\USB\\root\\teste.php on line 31, referer: http://localhost:8080/
[Thu Apr 21 17:33:19.432170 2016] [:error] [pid 6872:tid 1184] [client ::1:64460] PHP Notice:  Undefined index: cor in C:\\Users\\Pedro\\Desktop\\BrainDamaged\\USB\\root\\teste.php on line 31, referer: http://localhost:8080/
[Thu Apr 21 17:33:19.577768 2016] [:error] [pid 6872:tid 1184] [client ::1:64460] PHP Notice:  Undefined index: id in C:\\Users\\Pedro\\Desktop\\BrainDamaged\\USB\\root\\teste.php on line 31, referer: http://localhost:8080/
[Thu Apr 21 17:33:19.577768 2016] [:error] [pid 6872:tid 1184] [client ::1:64460] PHP Notice:  Undefined index: cor in C:\\Users\\Pedro\\Desktop\\BrainDamaged\\USB\\root\\teste.php on line 31, referer: http://localhost:8080/
[Thu Apr 21 17:33:19.740355 2016] [:error] [pid 6872:tid 1184] [client ::1:64460] PHP Notice:  Undefined index: id in C:\\Users\\Pedro\\Desktop\\BrainDamaged\\USB\\root\\teste.php on line 31, referer: http://localhost:8080/
[Thu Apr 21 17:33:19.740355 2016] [:error] [pid 6872:tid 1184] [client ::1:64460] PHP Notice:  Undefined index: cor in C:\\Users\\Pedro\\Desktop\\BrainDamaged\\USB\\root\\teste.php on line 31, referer: http://localhost:8080/
[Thu Apr 21 17:33:19.874714 2016] [:error] [pid 6872:tid 1184] [client ::1:64460] PHP Notice:  Undefined index: id in C:\\Users\\Pedro\\Desktop\\BrainDamaged\\USB\\root\\teste.php on line 31, referer: http://localhost:8080/
[Thu Apr 21 17:33:19.874714 2016] [:error] [pid 6872:tid 1184] [client ::1:64460] PHP Notice:  Undefined index: cor in C:\\Users\\Pedro\\Desktop\\BrainDamaged\\USB\\root\\teste.php on line 31, referer: http://localhost:8080/
[Thu Apr 21 17:33:20.017964 2016] [:error] [pid 6872:tid 1184] [client ::1:64460] PHP Notice:  Undefined index: id in C:\\Users\\Pedro\\Desktop\\BrainDamaged\\USB\\root\\teste.php on line 31, referer: http://localhost:8080/
[Thu Apr 21 17:33:20.017964 2016] [:error] [pid 6872:tid 1184] [client ::1:64460] PHP Notice:  Undefined index: cor in C:\\Users\\Pedro\\Desktop\\BrainDamaged\\USB\\root\\teste.php on line 31, referer: http://localhost:8080/
[Thu Apr 21 17:38:22.221741 2016] [:error] [pid 6872:tid 1184] [client ::1:64479] PHP Notice:  Undefined index: id in C:\\Users\\Pedro\\Desktop\\BrainDamaged\\USB\\root\\teste.php on line 30, referer: http://localhost:8080/
[Thu Apr 21 17:38:22.221741 2016] [:error] [pid 6872:tid 1184] [client ::1:64479] PHP Notice:  Undefined index: cor in C:\\Users\\Pedro\\Desktop\\BrainDamaged\\USB\\root\\teste.php on line 30, referer: http://localhost:8080/
[Thu Apr 21 17:50:37.105540 2016] [:error] [pid 6872:tid 1184] [client ::1:64658] PHP Notice:  Undefined index: id in C:\\Users\\Pedro\\Desktop\\BrainDamaged\\USB\\root\\teste.php on line 30, referer: http://localhost:8080/
[Thu Apr 21 17:50:37.106040 2016] [:error] [pid 6872:tid 1184] [client ::1:64658] PHP Notice:  Undefined index: cor in C:\\Users\\Pedro\\Desktop\\BrainDamaged\\USB\\root\\teste.php on line 30, referer: http://localhost:8080/
[Thu Apr 21 17:50:42.600374 2016] [:error] [pid 6872:tid 1184] [client ::1:64659] script 'C:/Users/Pedro/Desktop/BrainDamaged/USB/root/efetivar.php' not found or unable to stat, referer: http://localhost:8080/teste.php
[Thu Apr 21 17:52:29.338148 2016] [:error] [pid 6872:tid 1184] [client ::1:64665] PHP Notice:  Undefined index: id in C:\\Users\\Pedro\\Desktop\\BrainDamaged\\USB\\root\\teste.php on line 30, referer: http://localhost:8080/
[Thu Apr 21 17:52:29.338148 2016] [:error] [pid 6872:tid 1184] [client ::1:64665] PHP Notice:  Undefined index: cor in C:\\Users\\Pedro\\Desktop\\BrainDamaged\\USB\\root\\teste.php on line 30, referer: http://localhost:8080/
[Thu Apr 21 17:53:06.997121 2016] [:error] [pid 6872:tid 1184] [client ::1:64669] PHP Notice:  Undefined index: id in C:\\Users\\Pedro\\Desktop\\BrainDamaged\\USB\\root\\teste.php on line 30, referer: http://localhost:8080/
[Thu Apr 21 17:53:06.997622 2016] [:error] [pid 6872:tid 1184] [client ::1:64669] PHP Notice:  Undefined index: cor in C:\\Users\\Pedro\\Desktop\\BrainDamaged\\USB\\root\\teste.php on line 30, referer: http://localhost:8080/
[Thu Apr 21 17:53:46.550005 2016] [:error] [pid 6872:tid 1184] [client ::1:64672] PHP Notice:  Undefined index: id in C:\\Users\\Pedro\\Desktop\\BrainDamaged\\USB\\root\\teste.php on line 30, referer: http://localhost:8080/
[Thu Apr 21 17:53:46.550506 2016] [:error] [pid 6872:tid 1184] [client ::1:64672] PHP Notice:  Undefined index: cor in C:\\Users\\Pedro\\Desktop\\BrainDamaged\\USB\\root\\teste.php on line 30, referer: http://localhost:8080/
[Thu Apr 21 17:55:25.244327 2016] [:error] [pid 6872:tid 1184] [client ::1:64677] PHP Notice:  Undefined index: id in C:\\Users\\Pedro\\Desktop\\BrainDamaged\\USB\\root\\teste.php on line 30, referer: http://localhost:8080/
[Thu Apr 21 17:55:25.244826 2016] [:error] [pid 6872:tid 1184] [client ::1:64677] PHP Notice:  Undefined index: cor in C:\\Users\\Pedro\\Desktop\\BrainDamaged\\USB\\root\\teste.php on line 30, referer: http://localhost:8080/
[Thu Apr 21 17:55:27.299361 2016] [:error] [pid 6872:tid 1184] [client ::1:64677] script 'C:/Users/Pedro/Desktop/BrainDamaged/USB/root/efetivar.php' not found or unable to stat, referer: http://localhost:8080/teste.php
[Thu Apr 21 17:56:50.915540 2016] [:error] [pid 6872:tid 1184] [client ::1:64684] PHP Notice:  Undefined index: id in C:\\Users\\Pedro\\Desktop\\BrainDamaged\\USB\\root\\teste.php on line 30, referer: http://localhost:8080/
[Thu Apr 21 17:56:50.915540 2016] [:error] [pid 6872:tid 1184] [client ::1:64684] PHP Notice:  Undefined index: cor in C:\\Users\\Pedro\\Desktop\\BrainDamaged\\USB\\root\\teste.php on line 30, referer: http://localhost:8080/
[Thu Apr 21 17:57:25.777260 2016] [:error] [pid 6872:tid 1184] [client ::1:64687] PHP Notice:  Undefined index: id in C:\\Users\\Pedro\\Desktop\\BrainDamaged\\USB\\root\\teste.php on line 30, referer: http://localhost:8080/
[Thu Apr 21 17:57:25.777260 2016] [:error] [pid 6872:tid 1184] [client ::1:64687] PHP Notice:  Undefined index: cor in C:\\Users\\Pedro\\Desktop\\BrainDamaged\\USB\\root\\teste.php on line 30, referer: http://localhost:8080/
[Thu Apr 21 18:01:14.457441 2016] [:error] [pid 6872:tid 1184] [client ::1:64702] PHP Notice:  Undefined index: id in C:\\Users\\Pedro\\Desktop\\BrainDamaged\\USB\\root\\teste.php on line 30, referer: http://localhost:8080/
[Thu Apr 21 18:01:14.457441 2016] [:error] [pid 6872:tid 1184] [client ::1:64702] PHP Notice:  Undefined index: cor in C:\\Users\\Pedro\\Desktop\\BrainDamaged\\USB\\root\\teste.php on line 30, referer: http://localhost:8080/
[Thu Apr 21 18:02:14.916828 2016] [:error] [pid 6872:tid 1184] [client ::1:64705] PHP Notice:  Undefined index: id in C:\\Users\\Pedro\\Desktop\\BrainDamaged\\USB\\root\\teste.php on line 30, referer: http://localhost:8080/
[Thu Apr 21 18:02:14.916828 2016] [:error] [pid 6872:tid 1184] [client ::1:64705] PHP Notice:  Undefined index: cor in C:\\Users\\Pedro\\Desktop\\BrainDamaged\\USB\\root\\teste.php on line 30, referer: http://localhost:8080/
[Thu Apr 21 18:03:53.754824 2016] [:error] [pid 6872:tid 1184] [client ::1:64712] PHP Notice:  Undefined index: id in C:\\Users\\Pedro\\Desktop\\BrainDamaged\\USB\\root\\teste.php on line 30, referer: http://localhost:8080/
[Thu Apr 21 18:03:53.754824 2016] [:error] [pid 6872:tid 1184] [client ::1:64712] PHP Notice:  Undefined index: cor in C:\\Users\\Pedro\\Desktop\\BrainDamaged\\USB\\root\\teste.php on line 30, referer: http://localhost:8080/
[Thu Apr 21 18:04:39.603763 2016] [:error] [pid 6872:tid 1184] [client ::1:64715] PHP Notice:  Undefined index: id in C:\\Users\\Pedro\\Desktop\\BrainDamaged\\USB\\root\\teste.php on line 30, referer: http://localhost:8080/
[Thu Apr 21 18:04:39.603763 2016] [:error] [pid 6872:tid 1184] [client ::1:64715] PHP Notice:  Undefined index: cor in C:\\Users\\Pedro\\Desktop\\BrainDamaged\\USB\\root\\teste.php on line 30, referer: http://localhost:8080/
[Thu Apr 21 18:05:11.238642 2016] [:error] [pid 6872:tid 1184] [client ::1:64719] PHP Notice:  Undefined index: id in C:\\Users\\Pedro\\Desktop\\BrainDamaged\\USB\\root\\teste.php on line 30, referer: http://localhost:8080/
[Thu Apr 21 18:05:11.238642 2016] [:error] [pid 6872:tid 1184] [client ::1:64719] PHP Notice:  Undefined index: cor in C:\\Users\\Pedro\\Desktop\\BrainDamaged\\USB\\root\\teste.php on line 30, referer: http://localhost:8080/
[Thu Apr 21 18:08:05.735534 2016] [:error] [pid 6872:tid 1184] [client ::1:64727] PHP Notice:  Undefined index: id in C:\\Users\\Pedro\\Desktop\\BrainDamaged\\USB\\root\\teste.php on line 30, referer: http://localhost:8080/
[Thu Apr 21 18:08:05.735534 2016] [:error] [pid 6872:tid 1184] [client ::1:64727] PHP Notice:  Undefined index: cor in C:\\Users\\Pedro\\Desktop\\BrainDamaged\\USB\\root\\teste.php on line 30, referer: http://localhost:8080/
[Thu Apr 21 18:08:30.135911 2016] [:error] [pid 6872:tid 1184] [client ::1:64730] PHP Notice:  Undefined index: id in C:\\Users\\Pedro\\Desktop\\BrainDamaged\\USB\\root\\teste.php on line 30, referer: http://localhost:8080/
[Thu Apr 21 18:08:30.135911 2016] [:error] [pid 6872:tid 1184] [client ::1:64730] PHP Notice:  Undefined index: cor in C:\\Users\\Pedro\\Desktop\\BrainDamaged\\USB\\root\\teste.php on line 30, referer: http://localhost:8080/
[Thu Apr 21 18:09:21.905280 2016] [:error] [pid 6872:tid 1184] [client ::1:64734] PHP Notice:  Undefined index: id in C:\\Users\\Pedro\\Desktop\\BrainDamaged\\USB\\root\\teste.php on line 30, referer: http://localhost:8080/
[Thu Apr 21 18:09:21.905280 2016] [:error] [pid 6872:tid 1184] [client ::1:64734] PHP Notice:  Undefined index: cor in C:\\Users\\Pedro\\Desktop\\BrainDamaged\\USB\\root\\teste.php on line 30, referer: http://localhost:8080/
[Thu Apr 21 18:10:25.410565 2016] [:error] [pid 6872:tid 1184] [client ::1:64736] PHP Notice:  Undefined index: id in C:\\Users\\Pedro\\Desktop\\BrainDamaged\\USB\\root\\teste.php on line 30, referer: http://localhost:8080/teste.php
[Thu Apr 21 18:10:25.410565 2016] [:error] [pid 6872:tid 1184] [client ::1:64736] PHP Notice:  Undefined index: cor in C:\\Users\\Pedro\\Desktop\\BrainDamaged\\USB\\root\\teste.php on line 30, referer: http://localhost:8080/teste.php
[Thu Apr 21 18:10:28.707326 2016] [:error] [pid 6872:tid 1184] [client ::1:64736] PHP Notice:  Undefined index: id in C:\\Users\\Pedro\\Desktop\\BrainDamaged\\USB\\root\\teste.php on line 30, referer: http://localhost:8080/teste.php?nome=&email=&cpf=&numero-cartao=&bandeira-cartao=master&validade-cartao=
[Thu Apr 21 18:10:28.707826 2016] [:error] [pid 6872:tid 1184] [client ::1:64736] PHP Notice:  Undefined index: cor in C:\\Users\\Pedro\\Desktop\\BrainDamaged\\USB\\root\\teste.php on line 30, referer: http://localhost:8080/teste.php?nome=&email=&cpf=&numero-cartao=&bandeira-cartao=master&validade-cartao=
[Thu Apr 21 19:56:05.161203 2016] [:error] [pid 6872:tid 1184] [client ::1:65232] PHP Notice:  Undefined index: id in C:\\Users\\Pedro\\Desktop\\BrainDamaged\\USB\\root\\teste.php on line 21, referer: http://localhost:8080/teste.php?nome=&email=&cpf=&numero-cartao=&bandeira-cartao=master&validade-cartao=
[Thu Apr 21 19:56:05.161203 2016] [:error] [pid 6872:tid 1184] [client ::1:65232] PHP Notice:  Undefined index: cor in C:\\Users\\Pedro\\Desktop\\BrainDamaged\\USB\\root\\teste.php on line 21, referer: http://localhost:8080/teste.php?nome=&email=&cpf=&numero-cartao=&bandeira-cartao=master&validade-cartao=
[Thu Apr 21 19:57:30.160669 2016] [:error] [pid 6872:tid 1184] [client ::1:65250] PHP Notice:  Undefined index: id in C:\\Users\\Pedro\\Desktop\\BrainDamaged\\USB\\root\\teste.php on line 21, referer: http://localhost:8080/teste.php?nome=&email=&cpf=&numero-cartao=&bandeira-cartao=master&validade-cartao=
[Thu Apr 21 19:57:30.160669 2016] [:error] [pid 6872:tid 1184] [client ::1:65250] PHP Notice:  Undefined index: cor in C:\\Users\\Pedro\\Desktop\\BrainDamaged\\USB\\root\\teste.php on line 21, referer: http://localhost:8080/teste.php?nome=&email=&cpf=&numero-cartao=&bandeira-cartao=master&validade-cartao=
[Thu Apr 21 19:58:02.173183 2016] [:error] [pid 6872:tid 1184] [client ::1:65251] PHP Notice:  Undefined index: id in C:\\Users\\Pedro\\Desktop\\BrainDamaged\\USB\\root\\teste.php on line 21, referer: http://localhost:8080/teste.php?nome=&email=&cpf=&numero-cartao=&bandeira-cartao=master&validade-cartao=
[Thu Apr 21 19:58:02.173183 2016] [:error] [pid 6872:tid 1184] [client ::1:65251] PHP Notice:  Undefined index: cor in C:\\Users\\Pedro\\Desktop\\BrainDamaged\\USB\\root\\teste.php on line 21, referer: http://localhost:8080/teste.php?nome=&email=&cpf=&numero-cartao=&bandeira-cartao=master&validade-cartao=
[Thu Apr 21 20:06:16.515358 2016] [:error] [pid 6872:tid 1184] [client ::1:65282] script 'C:/Users/Pedro/Desktop/BrainDamaged/USB/root/teste.php' not found or unable to stat, referer: http://localhost:8080/teste.php?nome=&email=&cpf=&numero-cartao=&bandeira-cartao=master&validade-cartao=
[Thu Apr 21 21:00:42.603328 2016] [:error] [pid 6872:tid 1184] [client ::1:49264] script 'C:/Users/Pedro/Desktop/BrainDamaged/USB/root/cadastro/principal.php' not found or unable to stat, referer: http://localhost:8080/cadastro/cadastroFuncionario.php
[Thu Apr 21 21:01:11.036945 2016] [:error] [pid 6872:tid 1184] [client ::1:49271] script 'C:/Users/Pedro/Desktop/BrainDamaged/USB/root/cadastro/principal.php' not found or unable to stat, referer: http://localhost:8080/cadastro/cadastroFuncionario.php
[Thu Apr 21 21:03:40.641359 2016] [:error] [pid 6872:tid 1184] [client ::1:49285] script 'C:/Users/Pedro/Desktop/BrainDamaged/USB/root/cadastro/principal.php' not found or unable to stat, referer: http://localhost:8080/cadastro/cadastroFuncionario.php
