2016-04-16 22:52:24 7032 [Note] Plugin 'FEDERATED' is disabled.
2016-04-16 22:52:24 7032 [Note] InnoDB: The InnoDB memory heap is disabled
2016-04-16 22:52:24 7032 [Note] InnoDB: Mutexes and rw_locks use Windows interlocked functions
2016-04-16 22:52:24 7032 [Note] InnoDB: Compressed tables use zlib 1.2.3
2016-04-16 22:52:24 7032 [Note] InnoDB: Not using CPU crc32 instructions
2016-04-16 22:52:24 7032 [Note] InnoDB: Initializing buffer pool, size = 128.0M
2016-04-16 22:52:24 7032 [Note] InnoDB: Completed initialization of buffer pool
2016-04-16 22:52:24 7032 [Note] InnoDB: Setting log file C:\Users\Pedro\Desktop\BrainDamaged\USB\mysql\data\ib_logfile101 size to 5 MB
2016-04-16 22:52:24 7032 [Note] InnoDB: Setting log file C:\Users\Pedro\Desktop\BrainDamaged\USB\mysql\data\ib_logfile1 size to 5 MB
2016-04-16 22:52:24 7032 [Note] InnoDB: Renaming log file C:\Users\Pedro\Desktop\BrainDamaged\USB\mysql\data\ib_logfile101 to C:\Users\Pedro\Desktop\BrainDamaged\USB\mysql\data\ib_logfile0
2016-04-16 22:52:24 7032 [Warning] InnoDB: New log files created, LSN=1626134
2016-04-16 22:52:24 7032 [Note] InnoDB: Highest supported file format is Barracuda.
2016-04-16 22:52:26 7032 [Note] InnoDB: 128 rollback segment(s) are active.
2016-04-16 22:52:26 7032 [Note] InnoDB: Waiting for purge to start
2016-04-16 22:52:26 7032 [Note] InnoDB: 5.6.13 started; log sequence number 1626636
2016-04-16 22:52:26 7032 [Warning] No existing UUID has been found, so we assume that this is the first time that this server has been started. Generating a new UUID: 08fad500-043f-11e6-ae8b-00224d9b862a.
2016-04-16 22:52:26 7032 [Note] Server hostname (bind-address): '*'; port: 3307
2016-04-16 22:52:26 7032 [Note] IPv6 is available.
2016-04-16 22:52:26 7032 [Note]   - '::' resolves to '::';
2016-04-16 22:52:26 7032 [Note] Server socket created on IP: '::'.
2016-04-17 02:30:56 9096 [Note] Plugin 'FEDERATED' is disabled.
2016-04-17 02:30:56 9096 [Note] InnoDB: The InnoDB memory heap is disabled
2016-04-17 02:30:56 9096 [Note] InnoDB: Mutexes and rw_locks use Windows interlocked functions
2016-04-17 02:30:56 9096 [Note] InnoDB: Compressed tables use zlib 1.2.3
2016-04-17 02:30:56 9096 [Note] InnoDB: Not using CPU crc32 instructions
2016-04-17 02:30:56 9096 [Note] InnoDB: Initializing buffer pool, size = 128.0M
2016-04-17 02:30:56 9096 [Note] InnoDB: Completed initialization of buffer pool
2016-04-17 02:30:57 9096 [Note] InnoDB: Highest supported file format is Barracuda.
2016-04-17 02:30:57 9096 [Note] InnoDB: The log sequence numbers 1626134 and 1626134 in ibdata files do not match the log sequence number 1626646 in the ib_logfiles!
2016-04-17 02:30:57 9096 [Note] InnoDB: Database was not shutdown normally!
2016-04-17 02:30:57 9096 [Note] InnoDB: Starting crash recovery.
2016-04-17 02:30:57 9096 [Note] InnoDB: Reading tablespace information from the .ibd files...
2016-04-17 02:30:57 9096 [Note] InnoDB: Restoring possible half-written data pages 
2016-04-17 02:30:57 9096 [Note] InnoDB: from the doublewrite buffer...
2016-04-17 02:30:57 9096 [Note] InnoDB: 128 rollback segment(s) are active.
2016-04-17 02:30:57 9096 [Note] InnoDB: Waiting for purge to start
2016-04-17 02:30:57 9096 [Note] InnoDB: 5.6.13 started; log sequence number 1626646
2016-04-17 02:30:57 9096 [Note] Server hostname (bind-address): '*'; port: 3307
2016-04-17 02:30:57 9096 [Note] IPv6 is available.
2016-04-17 02:30:57 9096 [Note]   - '::' resolves to '::';
2016-04-17 02:30:57 9096 [Note] Server socket created on IP: '::'.
2016-04-21 17:22:09 6148 [Note] Plugin 'FEDERATED' is disabled.
2016-04-21 17:22:09 6148 [Note] InnoDB: The InnoDB memory heap is disabled
2016-04-21 17:22:09 6148 [Note] InnoDB: Mutexes and rw_locks use Windows interlocked functions
2016-04-21 17:22:09 6148 [Note] InnoDB: Compressed tables use zlib 1.2.3
2016-04-21 17:22:09 6148 [Note] InnoDB: Not using CPU crc32 instructions
2016-04-21 17:22:09 6148 [Note] InnoDB: Initializing buffer pool, size = 128.0M
2016-04-21 17:22:09 6148 [Note] InnoDB: Completed initialization of buffer pool
2016-04-21 17:22:09 6148 [Note] InnoDB: Highest supported file format is Barracuda.
2016-04-21 17:22:09 6148 [Note] InnoDB: The log sequence numbers 1626134 and 1626134 in ibdata files do not match the log sequence number 1626656 in the ib_logfiles!
2016-04-21 17:22:09 6148 [Note] InnoDB: Database was not shutdown normally!
2016-04-21 17:22:09 6148 [Note] InnoDB: Starting crash recovery.
2016-04-21 17:22:09 6148 [Note] InnoDB: Reading tablespace information from the .ibd files...
2016-04-21 17:22:09 6148 [Note] InnoDB: Restoring possible half-written data pages 
2016-04-21 17:22:09 6148 [Note] InnoDB: from the doublewrite buffer...
2016-04-21 17:22:09 6148 [Note] InnoDB: 128 rollback segment(s) are active.
2016-04-21 17:22:09 6148 [Note] InnoDB: Waiting for purge to start
2016-04-21 17:22:09 6148 [Note] InnoDB: 5.6.13 started; log sequence number 1626656
2016-04-21 17:22:09 6148 [Note] Server hostname (bind-address): '*'; port: 3307
2016-04-21 17:22:09 6148 [Note] IPv6 is available.
2016-04-21 17:22:09 6148 [Note]   - '::' resolves to '::';
2016-04-21 17:22:09 6148 [Note] Server socket created on IP: '::'.
2016-05-17 22:28:24 3788 [Note] Plugin 'FEDERATED' is disabled.
2016-05-17 22:28:24 3788 [Note] InnoDB: The InnoDB memory heap is disabled
2016-05-17 22:28:24 3788 [Note] InnoDB: Mutexes and rw_locks use Windows interlocked functions
2016-05-17 22:28:24 3788 [Note] InnoDB: Compressed tables use zlib 1.2.3
2016-05-17 22:28:24 3788 [Note] InnoDB: Not using CPU crc32 instructions
2016-05-17 22:28:24 3788 [Note] InnoDB: Initializing buffer pool, size = 128.0M
2016-05-17 22:28:24 3788 [Note] InnoDB: Completed initialization of buffer pool
2016-05-17 22:28:24 3788 [Note] InnoDB: Highest supported file format is Barracuda.
2016-05-17 22:28:24 3788 [Note] InnoDB: The log sequence numbers 1626134 and 1626134 in ibdata files do not match the log sequence number 1626666 in the ib_logfiles!
2016-05-17 22:28:24 3788 [Note] InnoDB: Database was not shutdown normally!
2016-05-17 22:28:24 3788 [Note] InnoDB: Starting crash recovery.
2016-05-17 22:28:24 3788 [Note] InnoDB: Reading tablespace information from the .ibd files...
2016-05-17 22:28:24 3788 [Note] InnoDB: Restoring possible half-written data pages 
2016-05-17 22:28:24 3788 [Note] InnoDB: from the doublewrite buffer...
2016-05-17 22:28:24 3788 [Note] InnoDB: 128 rollback segment(s) are active.
2016-05-17 22:28:24 3788 [Note] InnoDB: Waiting for purge to start
2016-05-17 22:28:24 3788 [Note] InnoDB: 5.6.13 started; log sequence number 1626666
2016-05-17 22:28:24 3788 [Note] Server hostname (bind-address): '*'; port: 3307
2016-05-17 22:28:24 3788 [Note] IPv6 is available.
2016-05-17 22:28:24 3788 [Note]   - '::' resolves to '::';
2016-05-17 22:28:24 3788 [Note] Server socket created on IP: '::'.
